<?xml version="1.0" encoding="UTF-8"?>
<testsuite name="CucumberRunner" tests="0" skipped="0" failures="0" errors="0" timestamp="1970-01-01T00:00:00" hostname="Anthonys-Laptop.local" time="0.0">
  <properties/>
  <system-out><![CDATA[  ?[32mGiven ?[0m?[32mI am on login page?[0m                                       ?[90m# steps.LoginSehatQStepDef.iAmOnLoginPage()?[0m
  ?[32mWhen ?[0m?[32mI input my correct email with ?[0m?[32m?[1m"artinyapabangmesi@yopmail"?[0m ?[90m# steps.LoginSehatQStepDef.iInputMyCorrectEmailWith(java.lang.String)?[0m
  ?[32mAnd ?[0m?[32mI input my correct password with ?[0m?[32m?[1m"adminabcde"?[0m              ?[90m# steps.LoginSehatQStepDef.iInputMyCorrectPasswordWith(java.lang.String)?[0m
  ?[32mAnd ?[0m?[32mI press button login?[0m                                       ?[90m# steps.LoginSehatQStepDef.iPressButtonLogin()?[0m
  ?[32mThen ?[0m?[32merror message email will be shown?[0m                         ?[90m# steps.LoginSehatQStepDef.errorMessageEmailWillBeShown()?[0m
  ?[32mGiven ?[0m?[32mI am on login page?[0m                                  ?[90m# steps.LoginSehatQStepDef.iAmOnLoginPage()?[0m
  ?[32mWhen ?[0m?[32mI input my correct email with ?[0m?[32m?[1m""?[0m                     ?[90m# steps.LoginSehatQStepDef.iInputMyCorrectEmailWith(java.lang.String)?[0m
  ?[32mAnd ?[0m?[32mI input my correct password with ?[0m?[32m?[1m""?[0m                   ?[90m# steps.LoginSehatQStepDef.iInputMyCorrectPasswordWith(java.lang.String)?[0m
  ?[32mAnd ?[0m?[32mI press button login?[0m                                  ?[90m# steps.LoginSehatQStepDef.iPressButtonLogin()?[0m
  ?[32mThen ?[0m?[32merror message for empty email will be shown?[0m          ?[90m# steps.LoginSehatQStepDef.errorMessageForEmptyEmailWillBeShown()?[0m
  ?[32mAnd ?[0m?[32merror message for empty password will be shown?[0m        ?[90m# steps.LoginSehatQStepDef.errorMessageForEmptyPasswordWillBeShown()?[0m
  ?[32mGiven ?[0m?[32mI am on login page?[0m                                       ?[90m# steps.LoginSehatQStepDef.iAmOnLoginPage()?[0m
  ?[32mWhen ?[0m?[32mI input my correct email with ?[0m?[32m?[1m"artinyapabangmesi@yopmail"?[0m ?[90m# steps.LoginSehatQStepDef.iInputMyCorrectEmailWith(java.lang.String)?[0m
  ?[32mAnd ?[0m?[32mI input my correct password with ?[0m?[32m?[1m""?[0m                        ?[90m# steps.LoginSehatQStepDef.iInputMyCorrectPasswordWith(java.lang.String)?[0m
  ?[32mAnd ?[0m?[32mI press button login?[0m                                       ?[90m# steps.LoginSehatQStepDef.iPressButtonLogin()?[0m
  ?[32mThen ?[0m?[32merror message for empty password will be shown?[0m            ?[90m# steps.LoginSehatQStepDef.errorMessageForEmptyPasswordWillBeShown()?[0m
  ?[32mGiven ?[0m?[32mI am not currently logged in?[0m                      ?[90m# steps.SehatQMainStepDef.iAmNotCurrentlyLoggedIn()?[0m
  ?[32mWhen ?[0m?[32mI am on the Login page?[0m                             ?[90m# steps.SehatQMainStepDef.iAmOnTheLoginPage()?[0m
  ?[32mAnd ?[0m?[32mI press ?[0m?[32m?[1m"Daftar"?[0m                                    ?[90m# steps.SehatQMainStepDef.iPress(java.lang.String)?[0m
  ?[32mThen ?[0m?[32mDaftar Page will be shown?[0m                          ?[90m# steps.SehatQMainStepDef.daftarPageWillBeShown()?[0m
  ?[32mAnd ?[0m?[32mI fill in Nama Lengkap with ?[0m?[32m?[1m""?[0m                      ?[90m# steps.SehatQMainStepDef.iFillInNamaLengkapWith(java.lang.String)?[0m
  ?[32mAnd ?[0m?[32mI fill in Email with ?[0m?[32m?[1m"anthony1234@yopmail.com"?[0m      ?[90m# steps.SehatQMainStepDef.iFillInEmailWith(java.lang.String)?[0m
  ?[32mAnd ?[0m?[32mI fill in Password with ?[0m?[32m?[1m"Password26!"?[0m               ?[90m# steps.SehatQMainStepDef.iFillInPasswordWith(java.lang.String)?[0m
  ?[32mAnd ?[0m?[32mI tick TnC?[0m                                          ?[90m# steps.SehatQMainStepDef.iTickTnC()?[0m
  ?[32mAnd ?[0m?[32mI press Daftar?[0m                                      ?[90m# steps.SehatQMainStepDef.iPressDaftar()?[0m
  ?[32mThen ?[0m?[32merror message for empty full name will show?[0m        ?[90m# steps.SehatQMainStepDef.errorMessageForEmptyFullNameWillShow()?[0m
  ?[32mGiven ?[0m?[32mI am not currently logged in?[0m                  ?[90m# steps.SehatQMainStepDef.iAmNotCurrentlyLoggedIn()?[0m
  ?[32mWhen ?[0m?[32mI am on the Login page?[0m                         ?[90m# steps.SehatQMainStepDef.iAmOnTheLoginPage()?[0m
  ?[32mAnd ?[0m?[32mI press ?[0m?[32m?[1m"Daftar"?[0m                                ?[90m# steps.SehatQMainStepDef.iPress(java.lang.String)?[0m
  ?[32mThen ?[0m?[32mDaftar Page will be shown?[0m                      ?[90m# steps.SehatQMainStepDef.daftarPageWillBeShown()?[0m
  ?[32mAnd ?[0m?[32mI fill in Nama Lengkap with ?[0m?[32m?[1m"anthony"?[0m           ?[90m# steps.SehatQMainStepDef.iFillInNamaLengkapWith(java.lang.String)?[0m
  ?[32mAnd ?[0m?[32mI fill in Email with ?[0m?[32m?[1m""?[0m                         ?[90m# steps.SehatQMainStepDef.iFillInEmailWith(java.lang.String)?[0m
  ?[32mAnd ?[0m?[32mI fill in Password with ?[0m?[32m?[1m"Password26!"?[0m           ?[90m# steps.SehatQMainStepDef.iFillInPasswordWith(java.lang.String)?[0m
  ?[32mAnd ?[0m?[32mI tick TnC?[0m                                      ?[90m# steps.SehatQMainStepDef.iTickTnC()?[0m
  ?[32mAnd ?[0m?[32mI press Daftar?[0m                                  ?[90m# steps.SehatQMainStepDef.iPressDaftar()?[0m
  ?[32mThen ?[0m?[32merror message empty email will be shown?[0m        ?[90m# steps.SehatQMainStepDef.errorMessageEmptyEmailWillBeShown()?[0m
  ?[32mGiven ?[0m?[32mI am not currently logged in?[0m                     ?[90m# steps.SehatQMainStepDef.iAmNotCurrentlyLoggedIn()?[0m
  ?[32mWhen ?[0m?[32mI am on the Login page?[0m                            ?[90m# steps.SehatQMainStepDef.iAmOnTheLoginPage()?[0m
  ?[32mAnd ?[0m?[32mI press ?[0m?[32m?[1m"Daftar"?[0m                                   ?[90m# steps.SehatQMainStepDef.iPress(java.lang.String)?[0m
  ?[32mThen ?[0m?[32mDaftar Page will be shown?[0m                         ?[90m# steps.SehatQMainStepDef.daftarPageWillBeShown()?[0m
  ?[32mAnd ?[0m?[32mI fill in Nama Lengkap with ?[0m?[32m?[1m"anthony"?[0m              ?[90m# steps.SehatQMainStepDef.iFillInNamaLengkapWith(java.lang.String)?[0m
  ?[32mAnd ?[0m?[32mI fill in Email with ?[0m?[32m?[1m"anthony1234@yopmail.com"?[0m     ?[90m# steps.SehatQMainStepDef.iFillInEmailWith(java.lang.String)?[0m
  ?[32mAnd ?[0m?[32mI fill in Password with ?[0m?[32m?[1m""?[0m                         ?[90m# steps.SehatQMainStepDef.iFillInPasswordWith(java.lang.String)?[0m
  ?[32mAnd ?[0m?[32mI tick TnC?[0m                                         ?[90m# steps.SehatQMainStepDef.iTickTnC()?[0m
  ?[32mAnd ?[0m?[32mI press Daftar?[0m                                     ?[90m# steps.SehatQMainStepDef.iPressDaftar()?[0m
  ?[32mThen ?[0m?[32merror message for empty password will be shown?[0m    ?[90m# steps.LoginSehatQStepDef.errorMessageForEmptyPasswordWillBeShown()?[0m
  ?[32mGiven ?[0m?[32mI am not currently logged in?[0m                            ?[90m# steps.SehatQMainStepDef.iAmNotCurrentlyLoggedIn()?[0m
  ?[32mWhen ?[0m?[32mI am on the Login page?[0m                                   ?[90m# steps.SehatQMainStepDef.iAmOnTheLoginPage()?[0m
  ?[32mAnd ?[0m?[32mI press ?[0m?[32m?[1m"Daftar"?[0m                                          ?[90m# steps.SehatQMainStepDef.iPress(java.lang.String)?[0m
  ?[32mThen ?[0m?[32mDaftar Page will be shown?[0m                                ?[90m# steps.SehatQMainStepDef.daftarPageWillBeShown()?[0m
  ?[32mAnd ?[0m?[32mI fill in Nama Lengkap with ?[0m?[32m?[1m"anthony"?[0m                     ?[90m# steps.SehatQMainStepDef.iFillInNamaLengkapWith(java.lang.String)?[0m
  ?[32mAnd ?[0m?[32mI fill in Email with ?[0m?[32m?[1m"anthony@asdas."?[0m                     ?[90m# steps.SehatQMainStepDef.iFillInEmailWith(java.lang.String)?[0m
  ?[32mAnd ?[0m?[32mI fill in Password with ?[0m?[32m?[1m"Password26!"?[0m                     ?[90m# steps.SehatQMainStepDef.iFillInPasswordWith(java.lang.String)?[0m
  ?[32mAnd ?[0m?[32mI tick TnC?[0m                                                ?[90m# steps.SehatQMainStepDef.iTickTnC()?[0m
  ?[32mAnd ?[0m?[32mI press Daftar?[0m                                            ?[90m# steps.SehatQMainStepDef.iPressDaftar()?[0m
  ?[32mThen ?[0m?[32merror message invalid email will be shown?[0m                ?[90m# steps.SehatQMainStepDef.errorMessageInvalidEmailWillBeShown()?[0m
]]></system-out>
  <system-err><![CDATA[?[32m?[1m┌──────────────────────────────────────────────────────────────────────────┐?[0m
?[32m?[1m│?[0m View your Cucumber Report at:                                            ?[32m?[1m│?[0m
?[32m?[1m│?[0m ?[1m?[36m?[4mhttps://reports.cucumber.io/reports/fde70054-743f-4276-81af-82c92347f123?[0m ?[32m?[1m│?[0m
?[32m?[1m│?[0m                                                                          ?[32m?[1m│?[0m
?[32m?[1m│?[0m ?[1mThis report will self-destruct in 24h.?[0m                                   ?[32m?[1m│?[0m
?[32m?[1m│?[0m Keep reports forever: ?[4m?[1m?[36mhttps://reports.cucumber.io/profile?[0m                ?[32m?[1m│?[0m
?[32m?[1m└──────────────────────────────────────────────────────────────────────────┘?[0m]]></system-err>
</testsuite>
