<?xml version="1.0" encoding="UTF-8"?>
<testsuite name="Verify failed register when using invalid email empty" tests="11" skipped="0" failures="0" errors="0" timestamp="2023-02-16T01:44:00" hostname="Anthonys-Laptop.local" time="33.622">
  <properties/>
  <testcase name="I am not currently logged in" classname="Verify failed register when using invalid email empty" time="21.33"/>
  <testcase name="I am on the Login page" classname="Verify failed register when using invalid email empty" time="4.927"/>
  <testcase name="I press &quot;Daftar&quot;" classname="Verify failed register when using invalid email empty" time="1.648"/>
  <testcase name="Daftar Page will be shown" classname="Verify failed register when using invalid email empty" time="1.91"/>
  <testcase name="I fill in Nama Lengkap with &quot;anthony&quot;" classname="Verify failed register when using invalid email empty" time="1.131"/>
  <testcase name="I fill in Email with &quot;anthony@asdas.&quot;" classname="Verify failed register when using invalid email empty" time="1.036"/>
  <testcase name="I fill in Password with &quot;Password26!&quot;" classname="Verify failed register when using invalid email empty" time="0.43"/>
  <testcase name="I tick TnC" classname="Verify failed register when using invalid email empty" time="0.514"/>
  <testcase name="I press Daftar" classname="Verify failed register when using invalid email empty" time="0.529"/>
  <testcase name="error message invalid email will be shown" classname="Verify failed register when using invalid email empty" time="0.032"/>
  <testcase name="classMethod" classname="Verify failed register when using invalid email empty" time="38.032"/>
  <system-out><![CDATA[
@negative
Scenario: Verify failed register when using invalid email empty ?[90m# src/test/resources/features/RegisterPage.feature:60?[0m
]]></system-out>
  <system-err><![CDATA[185421 [Test worker] INFO io.github.bonigarcia.wdm.WebDriverManager - Using chromedriver 109.0.5414.74 (resolved driver for Chrome 109)
185424 [Test worker] INFO io.github.bonigarcia.wdm.WebDriverManager - Exporting webdriver.chrome.driver as /Users/davidanthonny/.cache/selenium/chromedriver/mac64/109.0.5414.74/chromedriver
Starting ChromeDriver 109.0.5414.74 (e7c5703604daa9cc128ccf5a5d3e993513758913-refs/branch-heads/5414@{#1172}) on port 39051
Only local connections are allowed.
Please see https://chromedriver.chromium.org/security-considerations for suggestions on keeping ChromeDriver safe.
ChromeDriver was started successfully.
Feb 16, 2023 8:44:00 AM org.openqa.selenium.remote.ProtocolHandshake createSession
INFO: Detected dialect: W3C
Feb 16, 2023 8:44:32 AM org.openqa.selenium.interactions.Actions moveToElement
INFO: When using the W3C Action commands, offsets are from the center of element
]]></system-err>
</testsuite>
